configmaps
deployments.apps
endpoints
events
horizontalpodautoscalers.autoscaling
ingresses.networking.k8s.io
jobs.batch
microservices.app.KUKU.com
persistentvolumeclaims
poddisruptionbudgets.policy
pods
replicasets.apps
resourcerequests.app.KUKU.com
rolebindings.authorization.openshift.io
rolebindings.rbac.authorization.k8s.io
roles.authorization.openshift.io
roles.rbac.authorization.k8s.io
routes.route.openshift.io
secrets
serviceaccounts
servicemonitors.monitoring.coreos.com
services
sparkapplications.sparkoperator.k8s.io
statefulsets.apps
